<?xml version="1.0" encoding="UTF-8"?>
<testsuite name="AutowiredTest" tests="1" skipped="0" failures="0" errors="0" timestamp="2024-05-20T07:14:31" hostname="szhxiao-latitude" time="0.531">
  <properties/>
  <testcase name="testAutowired()" classname="AutowiredTest" time="0.531"/>
  <system-out><![CDATA[?[33m2024-05-20 15:14:32?[0;39m ?[31m[Test worker]?[0;39m ?[39mDEBUG?[0;39m ?[36mo.s.c.s.ClassPathXmlApplicationContext?[0;39m -
                ?[35mRefreshing org.springframework.context.support.ClassPathXmlApplicationContext@30b19518?[0;39m 
?[33m2024-05-20 15:14:32?[0;39m ?[31m[Test worker]?[0;39m ?[39mDEBUG?[0;39m ?[36mo.s.b.f.xml.XmlBeanDefinitionReader?[0;39m -
                ?[35mLoaded 7 bean definitions from class path resource [beans.xml]?[0;39m 
?[33m2024-05-20 15:14:32?[0;39m ?[31m[Test worker]?[0;39m ?[39mDEBUG?[0;39m ?[36mo.s.b.f.s.DefaultListableBeanFactory?[0;39m -
                ?[35mCreating shared instance of singleton bean 'org.springframework.context.annotation.internalConfigurationAnnotationProcessor'?[0;39m 
?[33m2024-05-20 15:14:32?[0;39m ?[31m[Test worker]?[0;39m ?[39mDEBUG?[0;39m ?[36mo.s.b.f.s.DefaultListableBeanFactory?[0;39m -
                ?[35mCreating shared instance of singleton bean 'org.springframework.context.event.internalEventListenerProcessor'?[0;39m 
?[33m2024-05-20 15:14:32?[0;39m ?[31m[Test worker]?[0;39m ?[39mDEBUG?[0;39m ?[36mo.s.b.f.s.DefaultListableBeanFactory?[0;39m -
                ?[35mCreating shared instance of singleton bean 'org.springframework.context.event.internalEventListenerFactory'?[0;39m 
?[33m2024-05-20 15:14:32?[0;39m ?[31m[Test worker]?[0;39m ?[39mDEBUG?[0;39m ?[36mo.s.b.f.s.DefaultListableBeanFactory?[0;39m -
                ?[35mCreating shared instance of singleton bean 'org.springframework.context.annotation.internalAutowiredAnnotationProcessor'?[0;39m 
?[33m2024-05-20 15:14:32?[0;39m ?[31m[Test worker]?[0;39m ?[39mDEBUG?[0;39m ?[36mo.s.b.f.s.DefaultListableBeanFactory?[0;39m -
                ?[35mCreating shared instance of singleton bean 'cat'?[0;39m 
?[33m2024-05-20 15:14:32?[0;39m ?[31m[Test worker]?[0;39m ?[39mDEBUG?[0;39m ?[36mo.s.b.f.s.DefaultListableBeanFactory?[0;39m -
                ?[35mCreating shared instance of singleton bean 'dog'?[0;39m 
?[33m2024-05-20 15:14:32?[0;39m ?[31m[Test worker]?[0;39m ?[39mDEBUG?[0;39m ?[36mo.s.b.f.s.DefaultListableBeanFactory?[0;39m -
                ?[35mCreating shared instance of singleton bean 'person'?[0;39m 
miao
wang
Person{cat=pojo.Cat@15bcf458, dog=pojo.Dog@5af9926a, name='null'}
]]></system-out>
  <system-err><![CDATA[]]></system-err>
</testsuite>
