<?xml version="1.0" encoding="UTF-8"?>
<testsuite name="springbootlogging.SpringBootLoggingTest" tests="1" skipped="0" failures="0" errors="0" timestamp="2022-12-13T14:01:49" hostname="szhxiao-alienwarem15r6" time="0.183">
  <properties/>
  <testcase name="contextLoads()" classname="springbootlogging.SpringBootLoggingTest" time="0.183"/>
  <system-out><![CDATA[22:01:48.890 [Test worker] DEBUG org.springframework.boot.test.context.SpringBootTestContextBootstrapper - Neither @ContextConfiguration nor @ContextHierarchy found for test class [SpringBootLoggingTest]: using SpringBootContextLoader
22:01:48.894 [Test worker] DEBUG org.springframework.test.context.support.AbstractContextLoader - Could not detect default resource locations for test class [springbootlogging.SpringBootLoggingTest]: no resource found for suffixes {-context.xml, Context.groovy}.
22:01:48.895 [Test worker] INFO org.springframework.test.context.support.AnnotationConfigContextLoaderUtils - Could not detect default configuration classes for test class [springbootlogging.SpringBootLoggingTest]: SpringBootLoggingTest does not declare any static, non-private, non-final, nested classes annotated with @Configuration.
22:01:48.905 [Test worker] DEBUG org.springframework.boot.test.context.SpringBootTestContextBootstrapper - Using ContextCustomizers for test class [SpringBootLoggingTest]: [DisableObservabilityContextCustomizer, PropertyMappingContextCustomizer, Customizer, ExcludeFilterContextCustomizer, DuplicateJsonObjectContextCustomizer, MockitoContextCustomizer, TestRestTemplateContextCustomizer]
22:01:48.936 [Test worker] DEBUG org.springframework.context.annotation.ClassPathScanningCandidateComponentProvider - Identified candidate component class: file [/home/szhxiao/Codespaces/java-zen-studio/src/java-microservices/chapter-springboot/logging/build/classes/java/main/springbootlogging/SpringBootLoggingApplication.class]
22:01:48.937 [Test worker] INFO org.springframework.boot.test.context.SpringBootTestContextBootstrapper - Found @SpringBootConfiguration springbootlogging.SpringBootLoggingApplication for test class springbootlogging.SpringBootLoggingTest
22:01:48.988 [Test worker] DEBUG org.springframework.test.context.util.TestContextSpringFactoriesUtils - Skipping candidate TestExecutionListener [org.springframework.test.context.transaction.TransactionalTestExecutionListener] due to a missing dependency. Specify custom TestExecutionListener classes or make the default TestExecutionListener classes and their required dependencies available. Offending class: [org/springframework/transaction/interceptor/TransactionAttributeSource]
22:01:48.989 [Test worker] DEBUG org.springframework.test.context.util.TestContextSpringFactoriesUtils - Skipping candidate TestExecutionListener [org.springframework.test.context.jdbc.SqlScriptsTestExecutionListener] due to a missing dependency. Specify custom TestExecutionListener classes or make the default TestExecutionListener classes and their required dependencies available. Offending class: [org/springframework/transaction/interceptor/TransactionAttribute]
22:01:48.991 [Test worker] DEBUG org.springframework.boot.test.context.SpringBootTestContextBootstrapper - Using TestExecutionListeners for test class [SpringBootLoggingTest]: [ServletTestExecutionListener, DirtiesContextBeforeModesTestExecutionListener, ApplicationEventsTestExecutionListener, MockitoTestExecutionListener, DependencyInjectionTestExecutionListener, DirtiesContextTestExecutionListener, EventPublishingTestExecutionListener, RestDocsTestExecutionListener, MockRestServiceServerResetTestExecutionListener, MockMvcPrintOnlyOnFailureTestExecutionListener, WebDriverTestExecutionListener, MockWebServiceServerTestExecutionListener, ResetMocksTestExecutionListener]
22:01:48.992 [Test worker] DEBUG org.springframework.test.context.support.AbstractDirtiesContextTestExecutionListener - Before test class: class [SpringBootLoggingTest], class annotated with @DirtiesContext [false] with mode [null]

  .   ____          _            __ _ _
 /\\ / ___'_ __ _ _(_)_ __  __ _ \ \ \ \
( ( )\___ | '_ | '_| | '_ \/ _` | \ \ \ \
 \\/  ___)| |_)| | | | | || (_| |  ) ) ) )
  '  |____| .__|_| |_|_| |_\__, | / / / /
 =========|_|==============|___/=/_/_/_/
 :: Spring Boot ::                (v3.0.0)

2022-12-13T22:01:49.168+08:00  INFO 35419 --- [    Test worker] s.SpringBootLoggingTest                  : Starting SpringBootLoggingTest using Java 17.0.5 with PID 35419 (started by szhxiao in /home/szhxiao/Codespaces/java-zen-studio/src/java-microservices/chapter-springboot/logging)
2022-12-13T22:01:49.169+08:00 DEBUG 35419 --- [    Test worker] s.SpringBootLoggingTest                  : Running with Spring Boot v3.0.0, Spring v6.0.2
2022-12-13T22:01:49.170+08:00  INFO 35419 --- [    Test worker] s.SpringBootLoggingTest                  : No active profile set, falling back to 1 default profile: "default"
2022-12-13T22:01:49.673+08:00  INFO 35419 --- [    Test worker] s.SpringBootLoggingTest                  : Started SpringBootLoggingTest in 0.65 seconds (process running for 1.233)
2022-12-13T22:01:49.860+08:00 TRACE 35419 --- [    Test worker] s.SpringBootLoggingTest                  : trace logs...
2022-12-13T22:01:49.860+08:00 DEBUG 35419 --- [    Test worker] s.SpringBootLoggingTest                  : debug logs...
2022-12-13T22:01:49.860+08:00  INFO 35419 --- [    Test worker] s.SpringBootLoggingTest                  : info logs...
2022-12-13T22:01:49.860+08:00  WARN 35419 --- [    Test worker] s.SpringBootLoggingTest                  : warn logs...
2022-12-13T22:01:49.860+08:00 ERROR 35419 --- [    Test worker] s.SpringBootLoggingTest                  : error logs...
]]></system-out>
  <system-err><![CDATA[]]></system-err>
</testsuite>
